<?xml version="1.0" encoding="UTF-8"?>
<testng-results skipped="1" failed="1" total="3" passed="1">
  <reporter-output>
  </reporter-output>
  <suite name="Default suite" duration-ms="20979" started-at="2019-05-08T05:20:17Z" finished-at="2019-05-08T05:20:38Z">
    <groups>
    </groups>
    <test name="Default test" duration-ms="20979" started-at="2019-05-08T05:20:17Z" finished-at="2019-05-08T05:20:38Z">
      <class name="com.advanced.ExtentReport">
        <test-method status="PASS" signature="startReport()[pri:0, instance:com.advanced.ExtentReport@6ea6d14e]" name="startReport" is-config="true" duration-ms="360" started-at="2019-05-08T10:50:17Z" finished-at="2019-05-08T10:50:17Z">
          <reporter-output>
          </reporter-output>
        </test-method> <!-- startReport -->
        <test-method status="FAIL" signature="failTest()[pri:0, instance:com.advanced.ExtentReport@6ea6d14e]" name="failTest" duration-ms="16835" started-at="2019-05-08T10:50:17Z" finished-at="2019-05-08T10:50:34Z">
          <exception class="java.lang.AssertionError">
            <message>
              <![CDATA[expected [true] but found [false]]]>
            </message>
            <full-stacktrace>
              <![CDATA[java.lang.AssertionError: expected [true] but found [false]
	at org.testng.Assert.fail(Assert.java:94)
	at org.testng.Assert.failNotEquals(Assert.java:494)
	at org.testng.Assert.assertTrue(Assert.java:42)
	at org.testng.Assert.assertTrue(Assert.java:52)
	at com.advanced.ExtentReport.failTest(ExtentReport.java:60)
	at sun.reflect.NativeMethodAccessorImpl.invoke0(Native Method)
	at sun.reflect.NativeMethodAccessorImpl.invoke(NativeMethodAccessorImpl.java:62)
	at sun.reflect.DelegatingMethodAccessorImpl.invoke(DelegatingMethodAccessorImpl.java:43)
	at java.lang.reflect.Method.invoke(Method.java:498)
	at org.testng.internal.MethodInvocationHelper.invokeMethod(MethodInvocationHelper.java:84)
	at org.testng.internal.Invoker.invokeMethod(Invoker.java:714)
	at org.testng.internal.Invoker.invokeTestMethod(Invoker.java:901)
	at org.testng.internal.Invoker.invokeTestMethods(Invoker.java:1231)
	at org.testng.internal.TestMethodWorker.invokeTestMethods(TestMethodWorker.java:127)
	at org.testng.internal.TestMethodWorker.run(TestMethodWorker.java:111)
	at org.testng.TestRunner.privateRun(TestRunner.java:767)
	at org.testng.TestRunner.run(TestRunner.java:617)
	at org.testng.SuiteRunner.runTest(SuiteRunner.java:348)
	at org.testng.SuiteRunner.runSequentially(SuiteRunner.java:343)
	at org.testng.SuiteRunner.privateRun(SuiteRunner.java:305)
	at org.testng.SuiteRunner.run(SuiteRunner.java:254)
	at org.testng.SuiteRunnerWorker.runSuite(SuiteRunnerWorker.java:52)
	at org.testng.SuiteRunnerWorker.run(SuiteRunnerWorker.java:86)
	at org.testng.TestNG.runSuitesSequentially(TestNG.java:1224)
	at org.testng.TestNG.runSuitesLocally(TestNG.java:1149)
	at org.testng.TestNG.run(TestNG.java:1057)
	at org.testng.remote.RemoteTestNG.run(RemoteTestNG.java:115)
	at org.testng.remote.RemoteTestNG.initAndRun(RemoteTestNG.java:207)
	at org.testng.remote.RemoteTestNG.main(RemoteTestNG.java:178)
]]>
            </full-stacktrace>
          </exception> <!-- java.lang.AssertionError -->
          <reporter-output>
          </reporter-output>
        </test-method> <!-- failTest -->
        <test-method status="PASS" signature="generateResults(org.testng.ITestResult)[pri:0, instance:com.advanced.ExtentReport@6ea6d14e]" name="generateResults" is-config="true" duration-ms="880" started-at="2019-05-08T10:50:34Z" finished-at="2019-05-08T10:50:35Z">
          <params>
            <param index="0">
              <value>
                <![CDATA[[TestResult name=failTest status=FAILURE method=ExtentReport.failTest()[pri:0, instance:com.advanced.ExtentReport@6ea6d14e] output={null}]]]>
              </value>
            </param>
          </params>
          <reporter-output>
          </reporter-output>
        </test-method> <!-- generateResults -->
        <test-method status="PASS" signature="passTest()[pri:0, instance:com.advanced.ExtentReport@6ea6d14e]" name="passTest" duration-ms="1" started-at="2019-05-08T10:50:35Z" finished-at="2019-05-08T10:50:35Z">
          <reporter-output>
          </reporter-output>
        </test-method> <!-- passTest -->
        <test-method status="PASS" signature="generateResults(org.testng.ITestResult)[pri:0, instance:com.advanced.ExtentReport@6ea6d14e]" name="generateResults" is-config="true" duration-ms="1" started-at="2019-05-08T10:50:35Z" finished-at="2019-05-08T10:50:35Z">
          <params>
            <param index="0">
              <value>
                <![CDATA[[TestResult name=passTest status=SUCCESS method=ExtentReport.passTest()[pri:0, instance:com.advanced.ExtentReport@6ea6d14e] output={null}]]]>
              </value>
            </param>
          </params>
          <reporter-output>
          </reporter-output>
        </test-method> <!-- generateResults -->
        <test-method status="SKIP" signature="skipTest()[pri:0, instance:com.advanced.ExtentReport@6ea6d14e]" name="skipTest" duration-ms="2" started-at="2019-05-08T10:50:35Z" finished-at="2019-05-08T10:50:35Z">
          <exception class="org.testng.SkipException">
            <message>
              <![CDATA[This is not ready for testing]]>
            </message>
            <full-stacktrace>
              <![CDATA[org.testng.SkipException: This is not ready for testing
	at com.advanced.ExtentReport.skipTest(ExtentReport.java:67)
	at sun.reflect.NativeMethodAccessorImpl.invoke0(Native Method)
	at sun.reflect.NativeMethodAccessorImpl.invoke(NativeMethodAccessorImpl.java:62)
	at sun.reflect.DelegatingMethodAccessorImpl.invoke(DelegatingMethodAccessorImpl.java:43)
	at java.lang.reflect.Method.invoke(Method.java:498)
	at org.testng.internal.MethodInvocationHelper.invokeMethod(MethodInvocationHelper.java:84)
	at org.testng.internal.Invoker.invokeMethod(Invoker.java:714)
	at org.testng.internal.Invoker.invokeTestMethod(Invoker.java:901)
	at org.testng.internal.Invoker.invokeTestMethods(Invoker.java:1231)
	at org.testng.internal.TestMethodWorker.invokeTestMethods(TestMethodWorker.java:127)
	at org.testng.internal.TestMethodWorker.run(TestMethodWorker.java:111)
	at org.testng.TestRunner.privateRun(TestRunner.java:767)
	at org.testng.TestRunner.run(TestRunner.java:617)
	at org.testng.SuiteRunner.runTest(SuiteRunner.java:348)
	at org.testng.SuiteRunner.runSequentially(SuiteRunner.java:343)
	at org.testng.SuiteRunner.privateRun(SuiteRunner.java:305)
	at org.testng.SuiteRunner.run(SuiteRunner.java:254)
	at org.testng.SuiteRunnerWorker.runSuite(SuiteRunnerWorker.java:52)
	at org.testng.SuiteRunnerWorker.run(SuiteRunnerWorker.java:86)
	at org.testng.TestNG.runSuitesSequentially(TestNG.java:1224)
	at org.testng.TestNG.runSuitesLocally(TestNG.java:1149)
	at org.testng.TestNG.run(TestNG.java:1057)
	at org.testng.remote.RemoteTestNG.run(RemoteTestNG.java:115)
	at org.testng.remote.RemoteTestNG.initAndRun(RemoteTestNG.java:207)
	at org.testng.remote.RemoteTestNG.main(RemoteTestNG.java:178)
]]>
            </full-stacktrace>
          </exception> <!-- org.testng.SkipException -->
          <reporter-output>
          </reporter-output>
        </test-method> <!-- skipTest -->
        <test-method status="PASS" signature="generateResults(org.testng.ITestResult)[pri:0, instance:com.advanced.ExtentReport@6ea6d14e]" name="generateResults" is-config="true" duration-ms="1" started-at="2019-05-08T10:50:35Z" finished-at="2019-05-08T10:50:35Z">
          <params>
            <param index="0">
              <value>
                <![CDATA[[TestResult name=skipTest status=SKIP method=ExtentReport.skipTest()[pri:0, instance:com.advanced.ExtentReport@6ea6d14e] output={null}]]]>
              </value>
            </param>
          </params>
          <reporter-output>
          </reporter-output>
        </test-method> <!-- generateResults -->
        <test-method status="PASS" signature="endReport()[pri:0, instance:com.advanced.ExtentReport@6ea6d14e]" name="endReport" is-config="true" duration-ms="2874" started-at="2019-05-08T10:50:35Z" finished-at="2019-05-08T10:50:38Z">
          <reporter-output>
          </reporter-output>
        </test-method> <!-- endReport -->
      </class> <!-- com.advanced.ExtentReport -->
    </test> <!-- Default test -->
  </suite> <!-- Default suite -->
</testng-results>
