<?xml version="1.0" encoding="UTF-8"?>
<!-- Generated by org.testng.reporters.JUnitXMLReporter -->
<testsuite hostname="BDC7-D-H452RG2" name="Test" tests="3" failures="0" timestamp="7 May 2019 10:11:21 GMT" time="0.128" errors="0">
  <testcase name="@BeforeTest setUp" time="0.0" classname="com.tests.PHPTravelsTest">
    <failure type="java.lang.IllegalStateException" message="The path to the driver executable must be set by the webdriver.chrome.driver system property; for more information, see https://github.com/SeleniumHQ/selenium/wiki/ChromeDriver. The latest version can be downloaded from http://chromedriver.storage.googleapis.com/index.html">
      <![CDATA[java.lang.IllegalStateException: The path to the driver executable must be set by the webdriver.chrome.driver system property; for more information, see https://github.com/SeleniumHQ/selenium/wiki/ChromeDriver. The latest version can be downloaded from http://chromedriver.storage.googleapis.com/index.html
	at com.google.common.base.Preconditions.checkState(Preconditions.java:754)
	at org.openqa.selenium.remote.service.DriverService.findExecutable(DriverService.java:124)
	at org.openqa.selenium.chrome.ChromeDriverService.access$000(ChromeDriverService.java:32)
	at org.openqa.selenium.chrome.ChromeDriverService$Builder.findDefaultExecutable(ChromeDriverService.java:137)
	at org.openqa.selenium.remote.service.DriverService$Builder.build(DriverService.java:339)
	at org.openqa.selenium.chrome.ChromeDriverService.createDefaultService(ChromeDriverService.java:88)
	at org.openqa.selenium.chrome.ChromeDriver.<init>(ChromeDriver.java:123)
	at com.drivers.DriverUtility.initializeDriver(DriverUtility.java:18)
	at com.tests.PHPTravelsTest.setUp(PHPTravelsTest.java:24)
... Removed 25 stack frames]]>
    </failure>
  </testcase> <!-- @BeforeTest setUp -->
  <testcase name="@AfterTest tearDown" time="0.0" classname="com.tests.PHPTravelsTest">
    <skipped/>
  </testcase> <!-- @AfterTest tearDown -->
  <testcase name="validAdminTest" time="0.002" classname="com.tests.PHPTravelsTest">
    <skipped/>
  </testcase> <!-- validAdminTest -->
  <testcase name="invalidAdminErrorMessageTest" time="0.0" classname="com.tests.PHPTravelsTest">
    <skipped/>
  </testcase> <!-- invalidAdminErrorMessageTest -->
  <testcase name="invalidEmailErrorMessageTest" time="0.0" classname="com.tests.PHPTravelsTest">
    <skipped/>
  </testcase> <!-- invalidEmailErrorMessageTest -->
</testsuite> <!-- Test -->
